[2017-10-23 14:36:05:835] [org.springframework.test.context.support.DefaultTestContextBootstrapper] [256] INFO [Loaded default TestExecutionListener class names from location [META-INF/spring.factories]: [org.springframework.test.context.web.ServletTestExecutionListener, org.springframework.test.context.support.DependencyInjectionTestExecutionListener, org.springframework.test.context.support.DirtiesContextTestExecutionListener, org.springframework.test.context.transaction.TransactionalTestExecutionListener, org.springframework.test.context.jdbc.SqlScriptsTestExecutionListener]]
[2017-10-23 14:36:06:056] [org.springframework.test.context.support.DefaultTestContextBootstrapper] [182] INFO [Using TestExecutionListeners: [org.springframework.test.context.web.ServletTestExecutionListener@4439f31e, org.springframework.test.context.support.DependencyInjectionTestExecutionListener@5dfcfece, org.springframework.test.context.support.DirtiesContextTestExecutionListener@23ceabc1, org.springframework.test.context.transaction.TransactionalTestExecutionListener@5d5eef3d, org.springframework.test.context.jdbc.SqlScriptsTestExecutionListener@56f4468b]]
[2017-10-23 14:36:07:527] [org.springframework.beans.factory.xml.XmlBeanDefinitionReader] [317] INFO [Loading XML bean definitions from class path resource [mybatis-spring.xml]]
[2017-10-23 14:36:11:339] [org.springframework.beans.factory.xml.XmlBeanDefinitionReader] [317] INFO [Loading XML bean definitions from class path resource [applicationContext-ehcache.xml]]
[2017-10-23 14:36:11:644] [org.springframework.context.support.GenericApplicationContext] [510] INFO [Refreshing org.springframework.context.support.GenericApplicationContext@4667ae56: startup date [Mon Oct 23 14:36:11 CST 2017]; root of context hierarchy]
[2017-10-23 14:36:12:767] [org.springframework.beans.factory.config.PropertyPlaceholderConfigurer] [172] INFO [Loading properties file from class path resource [jdbc.properties]]
[2017-10-23 14:36:13:364] [org.springframework.cache.ehcache.EhCacheManagerFactoryBean] [129] INFO [Initializing EhCache CacheManager]
[2017-10-23 14:36:29:224] [org.springframework.cache.ehcache.EhCacheManagerFactoryBean] [181] INFO [Shutting down EhCache CacheManager]
[2017-10-23 14:39:06:930] [org.springframework.test.context.support.DefaultTestContextBootstrapper] [256] INFO [Loaded default TestExecutionListener class names from location [META-INF/spring.factories]: [org.springframework.test.context.web.ServletTestExecutionListener, org.springframework.test.context.support.DependencyInjectionTestExecutionListener, org.springframework.test.context.support.DirtiesContextTestExecutionListener, org.springframework.test.context.transaction.TransactionalTestExecutionListener, org.springframework.test.context.jdbc.SqlScriptsTestExecutionListener]]
[2017-10-23 14:39:06:981] [org.springframework.test.context.support.DefaultTestContextBootstrapper] [182] INFO [Using TestExecutionListeners: [org.springframework.test.context.web.ServletTestExecutionListener@4439f31e, org.springframework.test.context.support.DependencyInjectionTestExecutionListener@5dfcfece, org.springframework.test.context.support.DirtiesContextTestExecutionListener@23ceabc1, org.springframework.test.context.transaction.TransactionalTestExecutionListener@5d5eef3d, org.springframework.test.context.jdbc.SqlScriptsTestExecutionListener@56f4468b]]
[2017-10-23 14:39:07:367] [org.springframework.beans.factory.xml.XmlBeanDefinitionReader] [317] INFO [Loading XML bean definitions from class path resource [mybatis-spring.xml]]
[2017-10-23 14:39:08:707] [org.springframework.beans.factory.xml.XmlBeanDefinitionReader] [317] INFO [Loading XML bean definitions from class path resource [applicationContext-ehcache.xml]]
[2017-10-23 14:39:08:801] [org.springframework.context.support.GenericApplicationContext] [510] INFO [Refreshing org.springframework.context.support.GenericApplicationContext@4667ae56: startup date [Mon Oct 23 14:39:08 CST 2017]; root of context hierarchy]
[2017-10-23 14:39:09:069] [org.springframework.beans.factory.config.PropertyPlaceholderConfigurer] [172] INFO [Loading properties file from class path resource [jdbc.properties]]
[2017-10-23 14:39:09:198] [org.springframework.cache.ehcache.EhCacheManagerFactoryBean] [129] INFO [Initializing EhCache CacheManager]
[2017-10-23 14:39:13:173] [org.springframework.context.ApplicationContextAware] [18] INFO [*******************INIT***************************************]
[2017-10-23 14:39:14:669] [org.springframework.context.support.GenericApplicationContext] [862] INFO [Closing org.springframework.context.support.GenericApplicationContext@4667ae56: startup date [Mon Oct 23 14:39:08 CST 2017]; root of context hierarchy]
[2017-10-23 14:39:14:671] [org.springframework.cache.ehcache.EhCacheManagerFactoryBean] [181] INFO [Shutting down EhCache CacheManager]
[2017-10-23 14:41:04:434] [org.springframework.test.context.support.DefaultTestContextBootstrapper] [256] INFO [Loaded default TestExecutionListener class names from location [META-INF/spring.factories]: [org.springframework.test.context.web.ServletTestExecutionListener, org.springframework.test.context.support.DependencyInjectionTestExecutionListener, org.springframework.test.context.support.DirtiesContextTestExecutionListener, org.springframework.test.context.transaction.TransactionalTestExecutionListener, org.springframework.test.context.jdbc.SqlScriptsTestExecutionListener]]
[2017-10-23 14:41:04:457] [org.springframework.test.context.support.DefaultTestContextBootstrapper] [182] INFO [Using TestExecutionListeners: [org.springframework.test.context.web.ServletTestExecutionListener@6d78f375, org.springframework.test.context.support.DependencyInjectionTestExecutionListener@50c87b21, org.springframework.test.context.support.DirtiesContextTestExecutionListener@5f375618, org.springframework.test.context.transaction.TransactionalTestExecutionListener@1810399e, org.springframework.test.context.jdbc.SqlScriptsTestExecutionListener@32d992b2]]
[2017-10-23 14:41:04:578] [org.springframework.beans.factory.xml.XmlBeanDefinitionReader] [317] INFO [Loading XML bean definitions from class path resource [mybatis-spring.xml]]
[2017-10-23 14:41:04:812] [org.springframework.beans.factory.xml.XmlBeanDefinitionReader] [317] INFO [Loading XML bean definitions from class path resource [applicationContext-ehcache.xml]]
[2017-10-23 14:41:04:872] [org.springframework.context.support.GenericApplicationContext] [510] INFO [Refreshing org.springframework.context.support.GenericApplicationContext@57baeedf: startup date [Mon Oct 23 14:41:04 CST 2017]; root of context hierarchy]
[2017-10-23 14:41:05:069] [org.springframework.beans.factory.config.PropertyPlaceholderConfigurer] [172] INFO [Loading properties file from class path resource [jdbc.properties]]
[2017-10-23 14:41:05:146] [org.springframework.cache.ehcache.EhCacheManagerFactoryBean] [129] INFO [Initializing EhCache CacheManager]
[2017-10-23 14:41:05:789] [org.springframework.context.ApplicationContextAware] [18] INFO [*******************INIT***************************************]
[2017-10-23 14:41:56:021] [org.springframework.context.support.GenericApplicationContext] [862] INFO [Closing org.springframework.context.support.GenericApplicationContext@57baeedf: startup date [Mon Oct 23 14:41:04 CST 2017]; root of context hierarchy]
[2017-10-23 14:41:56:023] [org.springframework.cache.ehcache.EhCacheManagerFactoryBean] [181] INFO [Shutting down EhCache CacheManager]
[2017-10-23 14:42:51:755] [org.springframework.test.context.support.DefaultTestContextBootstrapper] [256] INFO [Loaded default TestExecutionListener class names from location [META-INF/spring.factories]: [org.springframework.test.context.web.ServletTestExecutionListener, org.springframework.test.context.support.DependencyInjectionTestExecutionListener, org.springframework.test.context.support.DirtiesContextTestExecutionListener, org.springframework.test.context.transaction.TransactionalTestExecutionListener, org.springframework.test.context.jdbc.SqlScriptsTestExecutionListener]]
[2017-10-23 14:42:51:774] [org.springframework.test.context.support.DefaultTestContextBootstrapper] [182] INFO [Using TestExecutionListeners: [org.springframework.test.context.web.ServletTestExecutionListener@6d78f375, org.springframework.test.context.support.DependencyInjectionTestExecutionListener@50c87b21, org.springframework.test.context.support.DirtiesContextTestExecutionListener@5f375618, org.springframework.test.context.transaction.TransactionalTestExecutionListener@1810399e, org.springframework.test.context.jdbc.SqlScriptsTestExecutionListener@32d992b2]]
[2017-10-23 14:42:51:862] [org.springframework.beans.factory.xml.XmlBeanDefinitionReader] [317] INFO [Loading XML bean definitions from class path resource [mybatis-spring.xml]]
[2017-10-23 14:42:52:058] [org.springframework.beans.factory.xml.XmlBeanDefinitionReader] [317] INFO [Loading XML bean definitions from class path resource [applicationContext-ehcache.xml]]
[2017-10-23 14:42:52:110] [org.springframework.context.support.GenericApplicationContext] [510] INFO [Refreshing org.springframework.context.support.GenericApplicationContext@57baeedf: startup date [Mon Oct 23 14:42:52 CST 2017]; root of context hierarchy]
[2017-10-23 14:42:52:286] [org.springframework.beans.factory.config.PropertyPlaceholderConfigurer] [172] INFO [Loading properties file from class path resource [jdbc.properties]]
[2017-10-23 14:42:52:364] [org.springframework.cache.ehcache.EhCacheManagerFactoryBean] [129] INFO [Initializing EhCache CacheManager]
[2017-10-23 14:42:53:008] [org.springframework.context.ApplicationContextAware] [18] INFO [*******************INIT***************************************]
[2017-10-23 14:43:43:295] [org.springframework.context.support.GenericApplicationContext] [862] INFO [Closing org.springframework.context.support.GenericApplicationContext@57baeedf: startup date [Mon Oct 23 14:42:52 CST 2017]; root of context hierarchy]
[2017-10-23 14:43:43:298] [org.springframework.cache.ehcache.EhCacheManagerFactoryBean] [181] INFO [Shutting down EhCache CacheManager]
[2017-10-23 14:43:53:673] [org.springframework.test.context.support.DefaultTestContextBootstrapper] [256] INFO [Loaded default TestExecutionListener class names from location [META-INF/spring.factories]: [org.springframework.test.context.web.ServletTestExecutionListener, org.springframework.test.context.support.DependencyInjectionTestExecutionListener, org.springframework.test.context.support.DirtiesContextTestExecutionListener, org.springframework.test.context.transaction.TransactionalTestExecutionListener, org.springframework.test.context.jdbc.SqlScriptsTestExecutionListener]]
[2017-10-23 14:43:53:692] [org.springframework.test.context.support.DefaultTestContextBootstrapper] [182] INFO [Using TestExecutionListeners: [org.springframework.test.context.web.ServletTestExecutionListener@6d78f375, org.springframework.test.context.support.DependencyInjectionTestExecutionListener@50c87b21, org.springframework.test.context.support.DirtiesContextTestExecutionListener@5f375618, org.springframework.test.context.transaction.TransactionalTestExecutionListener@1810399e, org.springframework.test.context.jdbc.SqlScriptsTestExecutionListener@32d992b2]]
[2017-10-23 14:43:53:792] [org.springframework.beans.factory.xml.XmlBeanDefinitionReader] [317] INFO [Loading XML bean definitions from class path resource [mybatis-spring.xml]]
[2017-10-23 14:43:54:065] [org.springframework.beans.factory.xml.XmlBeanDefinitionReader] [317] INFO [Loading XML bean definitions from class path resource [applicationContext-ehcache.xml]]
[2017-10-23 14:43:54:128] [org.springframework.context.support.GenericApplicationContext] [510] INFO [Refreshing org.springframework.context.support.GenericApplicationContext@57baeedf: startup date [Mon Oct 23 14:43:54 CST 2017]; root of context hierarchy]
[2017-10-23 14:43:54:368] [org.springframework.beans.factory.config.PropertyPlaceholderConfigurer] [172] INFO [Loading properties file from class path resource [jdbc.properties]]
[2017-10-23 14:43:54:470] [org.springframework.cache.ehcache.EhCacheManagerFactoryBean] [129] INFO [Initializing EhCache CacheManager]
[2017-10-23 14:43:55:095] [org.springframework.context.ApplicationContextAware] [18] INFO [*******************INIT***************************************]
[2017-10-23 14:43:56:051] [org.springframework.context.support.GenericApplicationContext] [862] INFO [Closing org.springframework.context.support.GenericApplicationContext@57baeedf: startup date [Mon Oct 23 14:43:54 CST 2017]; root of context hierarchy]
[2017-10-23 14:43:56:053] [org.springframework.cache.ehcache.EhCacheManagerFactoryBean] [181] INFO [Shutting down EhCache CacheManager]
[2017-10-23 14:44:07:219] [org.springframework.test.context.support.DefaultTestContextBootstrapper] [256] INFO [Loaded default TestExecutionListener class names from location [META-INF/spring.factories]: [org.springframework.test.context.web.ServletTestExecutionListener, org.springframework.test.context.support.DependencyInjectionTestExecutionListener, org.springframework.test.context.support.DirtiesContextTestExecutionListener, org.springframework.test.context.transaction.TransactionalTestExecutionListener, org.springframework.test.context.jdbc.SqlScriptsTestExecutionListener]]
[2017-10-23 14:44:07:246] [org.springframework.test.context.support.DefaultTestContextBootstrapper] [182] INFO [Using TestExecutionListeners: [org.springframework.test.context.web.ServletTestExecutionListener@6d78f375, org.springframework.test.context.support.DependencyInjectionTestExecutionListener@50c87b21, org.springframework.test.context.support.DirtiesContextTestExecutionListener@5f375618, org.springframework.test.context.transaction.TransactionalTestExecutionListener@1810399e, org.springframework.test.context.jdbc.SqlScriptsTestExecutionListener@32d992b2]]
[2017-10-23 14:44:07:351] [org.springframework.beans.factory.xml.XmlBeanDefinitionReader] [317] INFO [Loading XML bean definitions from class path resource [mybatis-spring.xml]]
[2017-10-23 14:44:07:566] [org.springframework.beans.factory.xml.XmlBeanDefinitionReader] [317] INFO [Loading XML bean definitions from class path resource [applicationContext-ehcache.xml]]
[2017-10-23 14:44:07:624] [org.springframework.context.support.GenericApplicationContext] [510] INFO [Refreshing org.springframework.context.support.GenericApplicationContext@57baeedf: startup date [Mon Oct 23 14:44:07 CST 2017]; root of context hierarchy]
[2017-10-23 14:44:07:980] [org.springframework.beans.factory.config.PropertyPlaceholderConfigurer] [172] INFO [Loading properties file from class path resource [jdbc.properties]]
[2017-10-23 14:44:08:053] [org.springframework.cache.ehcache.EhCacheManagerFactoryBean] [129] INFO [Initializing EhCache CacheManager]
[2017-10-23 14:44:08:721] [org.springframework.context.ApplicationContextAware] [18] INFO [*******************INIT***************************************]
[2017-10-23 14:47:03:715] [org.springframework.test.context.support.DefaultTestContextBootstrapper] [256] INFO [Loaded default TestExecutionListener class names from location [META-INF/spring.factories]: [org.springframework.test.context.web.ServletTestExecutionListener, org.springframework.test.context.support.DependencyInjectionTestExecutionListener, org.springframework.test.context.support.DirtiesContextTestExecutionListener, org.springframework.test.context.transaction.TransactionalTestExecutionListener, org.springframework.test.context.jdbc.SqlScriptsTestExecutionListener]]
[2017-10-23 14:47:03:737] [org.springframework.test.context.support.DefaultTestContextBootstrapper] [182] INFO [Using TestExecutionListeners: [org.springframework.test.context.web.ServletTestExecutionListener@6d78f375, org.springframework.test.context.support.DependencyInjectionTestExecutionListener@50c87b21, org.springframework.test.context.support.DirtiesContextTestExecutionListener@5f375618, org.springframework.test.context.transaction.TransactionalTestExecutionListener@1810399e, org.springframework.test.context.jdbc.SqlScriptsTestExecutionListener@32d992b2]]
[2017-10-23 14:47:03:841] [org.springframework.beans.factory.xml.XmlBeanDefinitionReader] [317] INFO [Loading XML bean definitions from class path resource [mybatis-spring.xml]]
[2017-10-23 14:47:04:049] [org.springframework.beans.factory.xml.XmlBeanDefinitionReader] [317] INFO [Loading XML bean definitions from class path resource [applicationContext-ehcache.xml]]
[2017-10-23 14:47:04:101] [org.springframework.context.support.GenericApplicationContext] [510] INFO [Refreshing org.springframework.context.support.GenericApplicationContext@57baeedf: startup date [Mon Oct 23 14:47:04 CST 2017]; root of context hierarchy]
[2017-10-23 14:47:04:297] [org.springframework.beans.factory.config.PropertyPlaceholderConfigurer] [172] INFO [Loading properties file from class path resource [jdbc.properties]]
[2017-10-23 14:47:04:385] [org.springframework.cache.ehcache.EhCacheManagerFactoryBean] [129] INFO [Initializing EhCache CacheManager]
[2017-10-23 14:47:05:031] [org.springframework.context.ApplicationContextAware] [18] INFO [*******************INIT***************************************]
[2017-10-23 14:47:05:068] [org.springframework.cache.ehcache.EhCacheManagerFactoryBean] [181] INFO [Shutting down EhCache CacheManager]
[2017-10-23 14:50:12:342] [org.springframework.test.context.support.DefaultTestContextBootstrapper] [256] INFO [Loaded default TestExecutionListener class names from location [META-INF/spring.factories]: [org.springframework.test.context.web.ServletTestExecutionListener, org.springframework.test.context.support.DependencyInjectionTestExecutionListener, org.springframework.test.context.support.DirtiesContextTestExecutionListener, org.springframework.test.context.transaction.TransactionalTestExecutionListener, org.springframework.test.context.jdbc.SqlScriptsTestExecutionListener]]
[2017-10-23 14:50:12:360] [org.springframework.test.context.support.DefaultTestContextBootstrapper] [182] INFO [Using TestExecutionListeners: [org.springframework.test.context.web.ServletTestExecutionListener@4439f31e, org.springframework.test.context.support.DependencyInjectionTestExecutionListener@5dfcfece, org.springframework.test.context.support.DirtiesContextTestExecutionListener@23ceabc1, org.springframework.test.context.transaction.TransactionalTestExecutionListener@5d5eef3d, org.springframework.test.context.jdbc.SqlScriptsTestExecutionListener@56f4468b]]
[2017-10-23 14:50:12:466] [org.springframework.beans.factory.xml.XmlBeanDefinitionReader] [317] INFO [Loading XML bean definitions from class path resource [mybatis-spring.xml]]
[2017-10-23 14:50:12:690] [org.springframework.beans.factory.xml.XmlBeanDefinitionReader] [317] INFO [Loading XML bean definitions from class path resource [applicationContext-ehcache.xml]]
[2017-10-23 14:50:12:743] [org.springframework.context.support.GenericApplicationContext] [510] INFO [Refreshing org.springframework.context.support.GenericApplicationContext@4667ae56: startup date [Mon Oct 23 14:50:12 CST 2017]; root of context hierarchy]
[2017-10-23 14:50:12:944] [org.springframework.beans.factory.config.PropertyPlaceholderConfigurer] [172] INFO [Loading properties file from class path resource [jdbc.properties]]
[2017-10-23 14:50:13:035] [org.springframework.cache.ehcache.EhCacheManagerFactoryBean] [129] INFO [Initializing EhCache CacheManager]
[2017-10-23 14:50:13:680] [org.springframework.context.ApplicationContextAware] [18] INFO [*******************INIT***************************************]
[2017-10-23 14:50:13:696] [org.springframework.cache.ehcache.EhCacheManagerFactoryBean] [181] INFO [Shutting down EhCache CacheManager]
[2017-10-23 14:50:37:514] [org.springframework.test.context.support.DefaultTestContextBootstrapper] [256] INFO [Loaded default TestExecutionListener class names from location [META-INF/spring.factories]: [org.springframework.test.context.web.ServletTestExecutionListener, org.springframework.test.context.support.DependencyInjectionTestExecutionListener, org.springframework.test.context.support.DirtiesContextTestExecutionListener, org.springframework.test.context.transaction.TransactionalTestExecutionListener, org.springframework.test.context.jdbc.SqlScriptsTestExecutionListener]]
[2017-10-23 14:50:37:543] [org.springframework.test.context.support.DefaultTestContextBootstrapper] [182] INFO [Using TestExecutionListeners: [org.springframework.test.context.web.ServletTestExecutionListener@4439f31e, org.springframework.test.context.support.DependencyInjectionTestExecutionListener@5dfcfece, org.springframework.test.context.support.DirtiesContextTestExecutionListener@23ceabc1, org.springframework.test.context.transaction.TransactionalTestExecutionListener@5d5eef3d, org.springframework.test.context.jdbc.SqlScriptsTestExecutionListener@56f4468b]]
[2017-10-23 14:50:37:667] [org.springframework.beans.factory.xml.XmlBeanDefinitionReader] [317] INFO [Loading XML bean definitions from class path resource [mybatis-spring.xml]]
[2017-10-23 14:50:37:911] [org.springframework.beans.factory.xml.XmlBeanDefinitionReader] [317] INFO [Loading XML bean definitions from class path resource [applicationContext-ehcache.xml]]
[2017-10-23 14:50:37:971] [org.springframework.context.support.GenericApplicationContext] [510] INFO [Refreshing org.springframework.context.support.GenericApplicationContext@4667ae56: startup date [Mon Oct 23 14:50:37 CST 2017]; root of context hierarchy]
[2017-10-23 14:50:38:221] [org.springframework.beans.factory.config.PropertyPlaceholderConfigurer] [172] INFO [Loading properties file from class path resource [jdbc.properties]]
[2017-10-23 14:50:38:329] [org.springframework.cache.ehcache.EhCacheManagerFactoryBean] [129] INFO [Initializing EhCache CacheManager]
[2017-10-23 14:50:39:075] [org.springframework.context.ApplicationContextAware] [18] INFO [*******************INIT***************************************]
[2017-10-23 14:50:39:089] [org.springframework.cache.ehcache.EhCacheManagerFactoryBean] [181] INFO [Shutting down EhCache CacheManager]
[2017-10-23 14:55:48:806] [org.springframework.test.context.support.DefaultTestContextBootstrapper] [256] INFO [Loaded default TestExecutionListener class names from location [META-INF/spring.factories]: [org.springframework.test.context.web.ServletTestExecutionListener, org.springframework.test.context.support.DependencyInjectionTestExecutionListener, org.springframework.test.context.support.DirtiesContextTestExecutionListener, org.springframework.test.context.transaction.TransactionalTestExecutionListener, org.springframework.test.context.jdbc.SqlScriptsTestExecutionListener]]
[2017-10-23 14:55:49:027] [org.springframework.test.context.support.DefaultTestContextBootstrapper] [182] INFO [Using TestExecutionListeners: [org.springframework.test.context.web.ServletTestExecutionListener@4439f31e, org.springframework.test.context.support.DependencyInjectionTestExecutionListener@5dfcfece, org.springframework.test.context.support.DirtiesContextTestExecutionListener@23ceabc1, org.springframework.test.context.transaction.TransactionalTestExecutionListener@5d5eef3d, org.springframework.test.context.jdbc.SqlScriptsTestExecutionListener@56f4468b]]
[2017-10-23 14:55:49:741] [org.springframework.beans.factory.xml.XmlBeanDefinitionReader] [317] INFO [Loading XML bean definitions from class path resource [mybatis-spring.xml]]
[2017-10-23 14:55:50:543] [org.springframework.beans.factory.xml.XmlBeanDefinitionReader] [317] INFO [Loading XML bean definitions from class path resource [applicationContext-ehcache.xml]]
[2017-10-23 14:55:50:651] [org.springframework.context.support.GenericApplicationContext] [510] INFO [Refreshing org.springframework.context.support.GenericApplicationContext@4667ae56: startup date [Mon Oct 23 14:55:50 CST 2017]; root of context hierarchy]
[2017-10-23 14:55:51:297] [org.springframework.beans.factory.config.PropertyPlaceholderConfigurer] [172] INFO [Loading properties file from class path resource [jdbc.properties]]
[2017-10-23 14:55:51:497] [org.springframework.cache.ehcache.EhCacheManagerFactoryBean] [129] INFO [Initializing EhCache CacheManager]
[2017-10-23 14:55:53:194] [org.springframework.context.ApplicationContextAware] [18] INFO [*******************INIT***************************************]
[2017-10-23 14:55:53:272] [org.springframework.cache.ehcache.EhCacheManagerFactoryBean] [181] INFO [Shutting down EhCache CacheManager]
[2017-10-23 14:57:31:937] [org.springframework.test.context.support.DefaultTestContextBootstrapper] [256] INFO [Loaded default TestExecutionListener class names from location [META-INF/spring.factories]: [org.springframework.test.context.web.ServletTestExecutionListener, org.springframework.test.context.support.DependencyInjectionTestExecutionListener, org.springframework.test.context.support.DirtiesContextTestExecutionListener, org.springframework.test.context.transaction.TransactionalTestExecutionListener, org.springframework.test.context.jdbc.SqlScriptsTestExecutionListener]]
[2017-10-23 14:57:31:960] [org.springframework.test.context.support.DefaultTestContextBootstrapper] [182] INFO [Using TestExecutionListeners: [org.springframework.test.context.web.ServletTestExecutionListener@4439f31e, org.springframework.test.context.support.DependencyInjectionTestExecutionListener@5dfcfece, org.springframework.test.context.support.DirtiesContextTestExecutionListener@23ceabc1, org.springframework.test.context.transaction.TransactionalTestExecutionListener@5d5eef3d, org.springframework.test.context.jdbc.SqlScriptsTestExecutionListener@56f4468b]]
[2017-10-23 14:57:32:131] [org.springframework.beans.factory.xml.XmlBeanDefinitionReader] [317] INFO [Loading XML bean definitions from class path resource [mybatis-spring.xml]]
[2017-10-23 14:57:32:657] [org.springframework.beans.factory.xml.XmlBeanDefinitionReader] [317] INFO [Loading XML bean definitions from class path resource [applicationContext-ehcache.xml]]
[2017-10-23 14:57:32:739] [org.springframework.context.support.GenericApplicationContext] [510] INFO [Refreshing org.springframework.context.support.GenericApplicationContext@4667ae56: startup date [Mon Oct 23 14:57:32 CST 2017]; root of context hierarchy]
[2017-10-23 14:57:32:992] [org.springframework.beans.factory.config.PropertyPlaceholderConfigurer] [172] INFO [Loading properties file from class path resource [jdbc.properties]]
[2017-10-23 14:57:33:100] [org.springframework.cache.ehcache.EhCacheManagerFactoryBean] [129] INFO [Initializing EhCache CacheManager]
[2017-10-23 14:57:34:520] [org.springframework.context.ApplicationContextAware] [18] INFO [*******************INIT***************************************]
[2017-10-23 14:57:34:572] [org.springframework.cache.ehcache.EhCacheManagerFactoryBean] [181] INFO [Shutting down EhCache CacheManager]
[2017-10-23 14:58:21:039] [org.springframework.test.context.support.DefaultTestContextBootstrapper] [256] INFO [Loaded default TestExecutionListener class names from location [META-INF/spring.factories]: [org.springframework.test.context.web.ServletTestExecutionListener, org.springframework.test.context.support.DependencyInjectionTestExecutionListener, org.springframework.test.context.support.DirtiesContextTestExecutionListener, org.springframework.test.context.transaction.TransactionalTestExecutionListener, org.springframework.test.context.jdbc.SqlScriptsTestExecutionListener]]
[2017-10-23 14:58:21:059] [org.springframework.test.context.support.DefaultTestContextBootstrapper] [182] INFO [Using TestExecutionListeners: [org.springframework.test.context.web.ServletTestExecutionListener@4439f31e, org.springframework.test.context.support.DependencyInjectionTestExecutionListener@5dfcfece, org.springframework.test.context.support.DirtiesContextTestExecutionListener@23ceabc1, org.springframework.test.context.transaction.TransactionalTestExecutionListener@5d5eef3d, org.springframework.test.context.jdbc.SqlScriptsTestExecutionListener@56f4468b]]
[2017-10-23 14:58:21:170] [org.springframework.beans.factory.xml.XmlBeanDefinitionReader] [317] INFO [Loading XML bean definitions from class path resource [mybatis-spring.xml]]
[2017-10-23 14:58:21:441] [org.springframework.beans.factory.xml.XmlBeanDefinitionReader] [317] INFO [Loading XML bean definitions from class path resource [applicationContext-ehcache.xml]]
[2017-10-23 14:58:21:503] [org.springframework.context.support.GenericApplicationContext] [510] INFO [Refreshing org.springframework.context.support.GenericApplicationContext@4667ae56: startup date [Mon Oct 23 14:58:21 CST 2017]; root of context hierarchy]
[2017-10-23 14:58:21:792] [org.springframework.beans.factory.config.PropertyPlaceholderConfigurer] [172] INFO [Loading properties file from class path resource [jdbc.properties]]
[2017-10-23 14:58:21:872] [org.springframework.cache.ehcache.EhCacheManagerFactoryBean] [129] INFO [Initializing EhCache CacheManager]
[2017-10-23 14:58:22:581] [org.springframework.context.ApplicationContextAware] [18] INFO [*******************INIT***************************************]
[2017-10-23 14:58:22:598] [org.springframework.cache.ehcache.EhCacheManagerFactoryBean] [181] INFO [Shutting down EhCache CacheManager]
[2017-10-23 14:59:36:805] [org.springframework.test.context.support.DefaultTestContextBootstrapper] [256] INFO [Loaded default TestExecutionListener class names from location [META-INF/spring.factories]: [org.springframework.test.context.web.ServletTestExecutionListener, org.springframework.test.context.support.DependencyInjectionTestExecutionListener, org.springframework.test.context.support.DirtiesContextTestExecutionListener, org.springframework.test.context.transaction.TransactionalTestExecutionListener, org.springframework.test.context.jdbc.SqlScriptsTestExecutionListener]]
[2017-10-23 14:59:36:824] [org.springframework.test.context.support.DefaultTestContextBootstrapper] [182] INFO [Using TestExecutionListeners: [org.springframework.test.context.web.ServletTestExecutionListener@6d78f375, org.springframework.test.context.support.DependencyInjectionTestExecutionListener@50c87b21, org.springframework.test.context.support.DirtiesContextTestExecutionListener@5f375618, org.springframework.test.context.transaction.TransactionalTestExecutionListener@1810399e, org.springframework.test.context.jdbc.SqlScriptsTestExecutionListener@32d992b2]]
[2017-10-23 14:59:36:964] [org.springframework.beans.factory.xml.XmlBeanDefinitionReader] [317] INFO [Loading XML bean definitions from class path resource [mybatis-spring.xml]]
[2017-10-23 14:59:37:206] [org.springframework.beans.factory.xml.XmlBeanDefinitionReader] [317] INFO [Loading XML bean definitions from class path resource [applicationContext-ehcache.xml]]
[2017-10-23 14:59:37:261] [org.springframework.context.support.GenericApplicationContext] [510] INFO [Refreshing org.springframework.context.support.GenericApplicationContext@57baeedf: startup date [Mon Oct 23 14:59:37 CST 2017]; root of context hierarchy]
[2017-10-23 14:59:37:503] [org.springframework.beans.factory.config.PropertyPlaceholderConfigurer] [172] INFO [Loading properties file from class path resource [jdbc.properties]]
[2017-10-23 14:59:37:605] [org.springframework.cache.ehcache.EhCacheManagerFactoryBean] [129] INFO [Initializing EhCache CacheManager]
[2017-10-23 14:59:38:298] [org.springframework.context.ApplicationContextAware] [18] INFO [*******************INIT***************************************]
[2017-10-23 14:59:38:313] [org.springframework.cache.ehcache.EhCacheManagerFactoryBean] [181] INFO [Shutting down EhCache CacheManager]
[2017-10-23 15:01:10:194] [org.springframework.test.context.support.DefaultTestContextBootstrapper] [256] INFO [Loaded default TestExecutionListener class names from location [META-INF/spring.factories]: [org.springframework.test.context.web.ServletTestExecutionListener, org.springframework.test.context.support.DependencyInjectionTestExecutionListener, org.springframework.test.context.support.DirtiesContextTestExecutionListener, org.springframework.test.context.transaction.TransactionalTestExecutionListener, org.springframework.test.context.jdbc.SqlScriptsTestExecutionListener]]
[2017-10-23 15:01:10:221] [org.springframework.test.context.support.DefaultTestContextBootstrapper] [182] INFO [Using TestExecutionListeners: [org.springframework.test.context.web.ServletTestExecutionListener@4439f31e, org.springframework.test.context.support.DependencyInjectionTestExecutionListener@5dfcfece, org.springframework.test.context.support.DirtiesContextTestExecutionListener@23ceabc1, org.springframework.test.context.transaction.TransactionalTestExecutionListener@5d5eef3d, org.springframework.test.context.jdbc.SqlScriptsTestExecutionListener@56f4468b]]
[2017-10-23 15:01:10:356] [org.springframework.beans.factory.xml.XmlBeanDefinitionReader] [317] INFO [Loading XML bean definitions from class path resource [mybatis-spring.xml]]
[2017-10-23 15:01:10:618] [org.springframework.beans.factory.xml.XmlBeanDefinitionReader] [317] INFO [Loading XML bean definitions from class path resource [applicationContext-ehcache.xml]]
[2017-10-23 15:01:10:681] [org.springframework.context.support.GenericApplicationContext] [510] INFO [Refreshing org.springframework.context.support.GenericApplicationContext@4667ae56: startup date [Mon Oct 23 15:01:10 CST 2017]; root of context hierarchy]
[2017-10-23 15:01:10:911] [org.springframework.beans.factory.config.PropertyPlaceholderConfigurer] [172] INFO [Loading properties file from class path resource [jdbc.properties]]
[2017-10-23 15:01:11:083] [org.springframework.cache.ehcache.EhCacheManagerFactoryBean] [129] INFO [Initializing EhCache CacheManager]
[2017-10-23 15:01:11:952] [org.springframework.context.ApplicationContextAware] [18] INFO [*******************INIT***************************************]
[2017-10-23 15:02:02:369] [org.springframework.context.support.GenericApplicationContext] [862] INFO [Closing org.springframework.context.support.GenericApplicationContext@4667ae56: startup date [Mon Oct 23 15:01:10 CST 2017]; root of context hierarchy]
[2017-10-23 15:02:02:379] [org.springframework.cache.ehcache.EhCacheManagerFactoryBean] [181] INFO [Shutting down EhCache CacheManager]
[2017-10-23 15:02:21:880] [org.springframework.test.context.support.DefaultTestContextBootstrapper] [256] INFO [Loaded default TestExecutionListener class names from location [META-INF/spring.factories]: [org.springframework.test.context.web.ServletTestExecutionListener, org.springframework.test.context.support.DependencyInjectionTestExecutionListener, org.springframework.test.context.support.DirtiesContextTestExecutionListener, org.springframework.test.context.transaction.TransactionalTestExecutionListener, org.springframework.test.context.jdbc.SqlScriptsTestExecutionListener]]
[2017-10-23 15:02:21:898] [org.springframework.test.context.support.DefaultTestContextBootstrapper] [182] INFO [Using TestExecutionListeners: [org.springframework.test.context.web.ServletTestExecutionListener@6d78f375, org.springframework.test.context.support.DependencyInjectionTestExecutionListener@50c87b21, org.springframework.test.context.support.DirtiesContextTestExecutionListener@5f375618, org.springframework.test.context.transaction.TransactionalTestExecutionListener@1810399e, org.springframework.test.context.jdbc.SqlScriptsTestExecutionListener@32d992b2]]
[2017-10-23 15:02:22:044] [org.springframework.beans.factory.xml.XmlBeanDefinitionReader] [317] INFO [Loading XML bean definitions from class path resource [mybatis-spring.xml]]
[2017-10-23 15:02:22:280] [org.springframework.beans.factory.xml.XmlBeanDefinitionReader] [317] INFO [Loading XML bean definitions from class path resource [applicationContext-ehcache.xml]]
[2017-10-23 15:02:22:339] [org.springframework.context.support.GenericApplicationContext] [510] INFO [Refreshing org.springframework.context.support.GenericApplicationContext@57baeedf: startup date [Mon Oct 23 15:02:22 CST 2017]; root of context hierarchy]
[2017-10-23 15:02:22:575] [org.springframework.beans.factory.config.PropertyPlaceholderConfigurer] [172] INFO [Loading properties file from class path resource [jdbc.properties]]
[2017-10-23 15:02:22:673] [org.springframework.cache.ehcache.EhCacheManagerFactoryBean] [129] INFO [Initializing EhCache CacheManager]
[2017-10-23 15:02:23:407] [org.springframework.context.ApplicationContextAware] [18] INFO [*******************INIT***************************************]
[2017-10-23 15:02:23:421] [org.springframework.cache.ehcache.EhCacheManagerFactoryBean] [181] INFO [Shutting down EhCache CacheManager]
[2017-10-23 15:06:43:479] [org.springframework.test.context.support.DefaultTestContextBootstrapper] [256] INFO [Loaded default TestExecutionListener class names from location [META-INF/spring.factories]: [org.springframework.test.context.web.ServletTestExecutionListener, org.springframework.test.context.support.DependencyInjectionTestExecutionListener, org.springframework.test.context.support.DirtiesContextTestExecutionListener, org.springframework.test.context.transaction.TransactionalTestExecutionListener, org.springframework.test.context.jdbc.SqlScriptsTestExecutionListener]]
[2017-10-23 15:06:43:569] [org.springframework.test.context.support.DefaultTestContextBootstrapper] [182] INFO [Using TestExecutionListeners: [org.springframework.test.context.web.ServletTestExecutionListener@6d78f375, org.springframework.test.context.support.DependencyInjectionTestExecutionListener@50c87b21, org.springframework.test.context.support.DirtiesContextTestExecutionListener@5f375618, org.springframework.test.context.transaction.TransactionalTestExecutionListener@1810399e, org.springframework.test.context.jdbc.SqlScriptsTestExecutionListener@32d992b2]]
[2017-10-23 15:06:44:023] [org.springframework.beans.factory.xml.XmlBeanDefinitionReader] [317] INFO [Loading XML bean definitions from class path resource [mybatis-spring.xml]]
[2017-10-23 15:06:44:817] [org.springframework.beans.factory.xml.XmlBeanDefinitionReader] [317] INFO [Loading XML bean definitions from class path resource [applicationContext-ehcache.xml]]
[2017-10-23 15:06:44:923] [org.springframework.context.support.GenericApplicationContext] [510] INFO [Refreshing org.springframework.context.support.GenericApplicationContext@57baeedf: startup date [Mon Oct 23 15:06:44 CST 2017]; root of context hierarchy]
[2017-10-23 15:06:45:548] [org.springframework.beans.factory.config.PropertyPlaceholderConfigurer] [172] INFO [Loading properties file from class path resource [jdbc.properties]]
[2017-10-23 15:06:45:683] [org.springframework.cache.ehcache.EhCacheManagerFactoryBean] [129] INFO [Initializing EhCache CacheManager]
[2017-10-23 15:06:47:321] [org.springframework.context.ApplicationContextAware] [18] INFO [*******************INIT***************************************]
[2017-10-23 15:06:47:376] [org.springframework.cache.ehcache.EhCacheManagerFactoryBean] [181] INFO [Shutting down EhCache CacheManager]
[2017-10-23 15:10:06:173] [org.springframework.test.context.support.DefaultTestContextBootstrapper] [256] INFO [Loaded default TestExecutionListener class names from location [META-INF/spring.factories]: [org.springframework.test.context.web.ServletTestExecutionListener, org.springframework.test.context.support.DependencyInjectionTestExecutionListener, org.springframework.test.context.support.DirtiesContextTestExecutionListener, org.springframework.test.context.transaction.TransactionalTestExecutionListener, org.springframework.test.context.jdbc.SqlScriptsTestExecutionListener]]
[2017-10-23 15:10:06:250] [org.springframework.test.context.support.DefaultTestContextBootstrapper] [182] INFO [Using TestExecutionListeners: [org.springframework.test.context.web.ServletTestExecutionListener@6d78f375, org.springframework.test.context.support.DependencyInjectionTestExecutionListener@50c87b21, org.springframework.test.context.support.DirtiesContextTestExecutionListener@5f375618, org.springframework.test.context.transaction.TransactionalTestExecutionListener@1810399e, org.springframework.test.context.jdbc.SqlScriptsTestExecutionListener@32d992b2]]
[2017-10-23 15:10:06:395] [org.springframework.beans.factory.xml.XmlBeanDefinitionReader] [317] INFO [Loading XML bean definitions from class path resource [mybatis-spring.xml]]
[2017-10-23 15:10:06:647] [org.springframework.beans.factory.xml.XmlBeanDefinitionReader] [317] INFO [Loading XML bean definitions from class path resource [applicationContext-ehcache.xml]]
[2017-10-23 15:10:06:700] [org.springframework.context.support.GenericApplicationContext] [510] INFO [Refreshing org.springframework.context.support.GenericApplicationContext@57baeedf: startup date [Mon Oct 23 15:10:06 CST 2017]; root of context hierarchy]
[2017-10-23 15:10:06:909] [org.springframework.beans.factory.config.PropertyPlaceholderConfigurer] [172] INFO [Loading properties file from class path resource [jdbc.properties]]
[2017-10-23 15:10:07:024] [org.springframework.cache.ehcache.EhCacheManagerFactoryBean] [129] INFO [Initializing EhCache CacheManager]
[2017-10-23 15:10:08:480] [org.springframework.context.ApplicationContextAware] [18] INFO [*******************INIT***************************************]
[2017-10-23 15:10:08:545] [org.springframework.cache.ehcache.EhCacheManagerFactoryBean] [181] INFO [Shutting down EhCache CacheManager]
[2017-10-23 15:12:00:453] [org.springframework.test.context.support.DefaultTestContextBootstrapper] [256] INFO [Loaded default TestExecutionListener class names from location [META-INF/spring.factories]: [org.springframework.test.context.web.ServletTestExecutionListener, org.springframework.test.context.support.DependencyInjectionTestExecutionListener, org.springframework.test.context.support.DirtiesContextTestExecutionListener, org.springframework.test.context.transaction.TransactionalTestExecutionListener, org.springframework.test.context.jdbc.SqlScriptsTestExecutionListener]]
[2017-10-23 15:12:00:474] [org.springframework.test.context.support.DefaultTestContextBootstrapper] [182] INFO [Using TestExecutionListeners: [org.springframework.test.context.web.ServletTestExecutionListener@6d78f375, org.springframework.test.context.support.DependencyInjectionTestExecutionListener@50c87b21, org.springframework.test.context.support.DirtiesContextTestExecutionListener@5f375618, org.springframework.test.context.transaction.TransactionalTestExecutionListener@1810399e, org.springframework.test.context.jdbc.SqlScriptsTestExecutionListener@32d992b2]]
[2017-10-23 15:12:00:581] [org.springframework.beans.factory.xml.XmlBeanDefinitionReader] [317] INFO [Loading XML bean definitions from class path resource [mybatis-spring.xml]]
[2017-10-23 15:12:00:808] [org.springframework.beans.factory.xml.XmlBeanDefinitionReader] [317] INFO [Loading XML bean definitions from class path resource [applicationContext-ehcache.xml]]
[2017-10-23 15:12:00:882] [org.springframework.context.support.GenericApplicationContext] [510] INFO [Refreshing org.springframework.context.support.GenericApplicationContext@57baeedf: startup date [Mon Oct 23 15:12:00 CST 2017]; root of context hierarchy]
[2017-10-23 15:12:02:079] [org.springframework.beans.factory.config.PropertyPlaceholderConfigurer] [172] INFO [Loading properties file from class path resource [jdbc.properties]]
[2017-10-23 15:12:02:173] [org.springframework.cache.ehcache.EhCacheManagerFactoryBean] [129] INFO [Initializing EhCache CacheManager]
[2017-10-23 15:12:04:315] [org.springframework.context.ApplicationContextAware] [18] INFO [*******************INIT***************************************]
[2017-10-23 15:12:56:376] [org.springframework.context.support.GenericApplicationContext] [862] INFO [Closing org.springframework.context.support.GenericApplicationContext@57baeedf: startup date [Mon Oct 23 15:12:00 CST 2017]; root of context hierarchy]
[2017-10-23 15:12:56:381] [org.springframework.cache.ehcache.EhCacheManagerFactoryBean] [181] INFO [Shutting down EhCache CacheManager]
[2017-10-23 15:16:08:450] [org.springframework.test.context.support.DefaultTestContextBootstrapper] [256] INFO [Loaded default TestExecutionListener class names from location [META-INF/spring.factories]: [org.springframework.test.context.web.ServletTestExecutionListener, org.springframework.test.context.support.DependencyInjectionTestExecutionListener, org.springframework.test.context.support.DirtiesContextTestExecutionListener, org.springframework.test.context.transaction.TransactionalTestExecutionListener, org.springframework.test.context.jdbc.SqlScriptsTestExecutionListener]]
[2017-10-23 15:16:08:531] [org.springframework.test.context.support.DefaultTestContextBootstrapper] [182] INFO [Using TestExecutionListeners: [org.springframework.test.context.web.ServletTestExecutionListener@6d78f375, org.springframework.test.context.support.DependencyInjectionTestExecutionListener@50c87b21, org.springframework.test.context.support.DirtiesContextTestExecutionListener@5f375618, org.springframework.test.context.transaction.TransactionalTestExecutionListener@1810399e, org.springframework.test.context.jdbc.SqlScriptsTestExecutionListener@32d992b2]]
[2017-10-23 15:16:08:641] [org.springframework.beans.factory.xml.XmlBeanDefinitionReader] [317] INFO [Loading XML bean definitions from class path resource [mybatis-spring.xml]]
[2017-10-23 15:16:08:853] [org.springframework.beans.factory.xml.XmlBeanDefinitionReader] [317] INFO [Loading XML bean definitions from class path resource [applicationContext-ehcache.xml]]
[2017-10-23 15:16:08:899] [org.springframework.context.support.GenericApplicationContext] [510] INFO [Refreshing org.springframework.context.support.GenericApplicationContext@57baeedf: startup date [Mon Oct 23 15:16:08 CST 2017]; root of context hierarchy]
[2017-10-23 15:16:09:177] [org.springframework.beans.factory.config.PropertyPlaceholderConfigurer] [172] INFO [Loading properties file from class path resource [jdbc.properties]]
[2017-10-23 15:16:09:280] [org.springframework.cache.ehcache.EhCacheManagerFactoryBean] [129] INFO [Initializing EhCache CacheManager]
[2017-10-23 15:16:09:997] [org.springframework.context.ApplicationContextAware] [18] INFO [*******************INIT***************************************]
[2017-10-23 15:17:02:139] [org.springframework.context.support.GenericApplicationContext] [862] INFO [Closing org.springframework.context.support.GenericApplicationContext@57baeedf: startup date [Mon Oct 23 15:16:08 CST 2017]; root of context hierarchy]
[2017-10-23 15:17:02:144] [org.springframework.cache.ehcache.EhCacheManagerFactoryBean] [181] INFO [Shutting down EhCache CacheManager]
[2017-10-23 15:17:42:024] [org.springframework.test.context.support.DefaultTestContextBootstrapper] [256] INFO [Loaded default TestExecutionListener class names from location [META-INF/spring.factories]: [org.springframework.test.context.web.ServletTestExecutionListener, org.springframework.test.context.support.DependencyInjectionTestExecutionListener, org.springframework.test.context.support.DirtiesContextTestExecutionListener, org.springframework.test.context.transaction.TransactionalTestExecutionListener, org.springframework.test.context.jdbc.SqlScriptsTestExecutionListener]]
[2017-10-23 15:17:42:048] [org.springframework.test.context.support.DefaultTestContextBootstrapper] [182] INFO [Using TestExecutionListeners: [org.springframework.test.context.web.ServletTestExecutionListener@6d78f375, org.springframework.test.context.support.DependencyInjectionTestExecutionListener@50c87b21, org.springframework.test.context.support.DirtiesContextTestExecutionListener@5f375618, org.springframework.test.context.transaction.TransactionalTestExecutionListener@1810399e, org.springframework.test.context.jdbc.SqlScriptsTestExecutionListener@32d992b2]]
[2017-10-23 15:17:42:176] [org.springframework.beans.factory.xml.XmlBeanDefinitionReader] [317] INFO [Loading XML bean definitions from class path resource [mybatis-spring.xml]]
[2017-10-23 15:17:42:386] [org.springframework.beans.factory.xml.XmlBeanDefinitionReader] [317] INFO [Loading XML bean definitions from class path resource [applicationContext-ehcache.xml]]
[2017-10-23 15:17:42:449] [org.springframework.context.support.GenericApplicationContext] [510] INFO [Refreshing org.springframework.context.support.GenericApplicationContext@57baeedf: startup date [Mon Oct 23 15:17:42 CST 2017]; root of context hierarchy]
[2017-10-23 15:17:42:695] [org.springframework.beans.factory.config.PropertyPlaceholderConfigurer] [172] INFO [Loading properties file from class path resource [jdbc.properties]]
[2017-10-23 15:17:42:786] [org.springframework.cache.ehcache.EhCacheManagerFactoryBean] [129] INFO [Initializing EhCache CacheManager]
[2017-10-23 15:17:43:421] [org.springframework.context.ApplicationContextAware] [18] INFO [*******************INIT***************************************]
[2017-10-23 15:19:23:768] [org.springframework.context.support.GenericApplicationContext] [862] INFO [Closing org.springframework.context.support.GenericApplicationContext@57baeedf: startup date [Mon Oct 23 15:17:42 CST 2017]; root of context hierarchy]
[2017-10-23 15:19:23:779] [org.springframework.cache.ehcache.EhCacheManagerFactoryBean] [181] INFO [Shutting down EhCache CacheManager]
[2017-10-23 15:24:04:551] [org.springframework.test.context.support.DefaultTestContextBootstrapper] [256] INFO [Loaded default TestExecutionListener class names from location [META-INF/spring.factories]: [org.springframework.test.context.web.ServletTestExecutionListener, org.springframework.test.context.support.DependencyInjectionTestExecutionListener, org.springframework.test.context.support.DirtiesContextTestExecutionListener, org.springframework.test.context.transaction.TransactionalTestExecutionListener, org.springframework.test.context.jdbc.SqlScriptsTestExecutionListener]]
[2017-10-23 15:24:04:656] [org.springframework.test.context.support.DefaultTestContextBootstrapper] [182] INFO [Using TestExecutionListeners: [org.springframework.test.context.web.ServletTestExecutionListener@6d78f375, org.springframework.test.context.support.DependencyInjectionTestExecutionListener@50c87b21, org.springframework.test.context.support.DirtiesContextTestExecutionListener@5f375618, org.springframework.test.context.transaction.TransactionalTestExecutionListener@1810399e, org.springframework.test.context.jdbc.SqlScriptsTestExecutionListener@32d992b2]]
[2017-10-23 15:24:04:769] [org.springframework.beans.factory.xml.XmlBeanDefinitionReader] [317] INFO [Loading XML bean definitions from class path resource [mybatis-spring.xml]]
[2017-10-23 15:24:04:990] [org.springframework.beans.factory.xml.XmlBeanDefinitionReader] [317] INFO [Loading XML bean definitions from class path resource [applicationContext-ehcache.xml]]
[2017-10-23 15:24:05:034] [org.springframework.context.support.GenericApplicationContext] [510] INFO [Refreshing org.springframework.context.support.GenericApplicationContext@57baeedf: startup date [Mon Oct 23 15:24:05 CST 2017]; root of context hierarchy]
[2017-10-23 15:24:05:268] [org.springframework.beans.factory.config.PropertyPlaceholderConfigurer] [172] INFO [Loading properties file from class path resource [jdbc.properties]]
[2017-10-23 15:24:05:356] [org.springframework.cache.ehcache.EhCacheManagerFactoryBean] [129] INFO [Initializing EhCache CacheManager]
[2017-10-23 15:24:08:817] [org.springframework.context.ApplicationContextAware] [18] INFO [*******************INIT***************************************]
[2017-10-23 15:25:49:694] [org.springframework.context.support.GenericApplicationContext] [862] INFO [Closing org.springframework.context.support.GenericApplicationContext@57baeedf: startup date [Mon Oct 23 15:24:05 CST 2017]; root of context hierarchy]
[2017-10-23 15:25:49:702] [org.springframework.cache.ehcache.EhCacheManagerFactoryBean] [181] INFO [Shutting down EhCache CacheManager]
